# JRE version: Java(TM) SE Runtime Environment (8.0_151-b12) (build 1.8.0_151-b12)
# Java VM: Java HotSpot(TM) 64-Bit Server VM (25.151-b12 mixed mode windows-amd64 compressed oops)
Heap:
 PSYoungGen      total 32768K, used 1175K [0x00000000d5c00000, 0x00000000d8100000, 0x0000000100000000)
  eden space 31744K, 1% used [0x00000000d5c00000,0x00000000d5c9df88,0x00000000d7b00000)
  from space 1024K, 53% used [0x00000000d7d00000,0x00000000d7d88000,0x00000000d7e00000)
  to   space 3072K, 0% used [0x00000000d7e00000,0x00000000d7e00000,0x00000000d8100000)
 ParOldGen       total 87552K, used 1724K [0x0000000081400000, 0x0000000086980000, 0x00000000d5c00000)
  object space 87552K, 1% used [0x0000000081400000,0x00000000815af188,0x0000000086980000)
 Metaspace       used 7577K, capacity 7706K, committed 7808K, reserved 1056768K
  class space    used 833K, capacity 883K, committed 896K, reserved 1048576K
GC Heap History (10 events):
Event: 2.231 GC heap before
{Heap before GC invocations=3 (full 0):
 PSYoungGen      total 38400K, used 35164K [0x00000000d5c00000, 0x00000000d8680000, 0x0000000100000000)
  eden space 33280K, 100% used [0x00000000d5c00000,0x00000000d7c80000,0x00000000d7c80000)
  from space 5120K, 36% used [0x00000000d8180000,0x00000000d83570f8,0x00000000d8680000)
  to   space 5120K, 0% used [0x00000000d7c80000,0x00000000d7c80000,0x00000000d8180000)
 ParOldGen       total 87552K, used 16K [0x0000000081400000, 0x0000000086980000, 0x00000000d5c00000)
  object space 87552K, 0% used [0x0000000081400000,0x0000000081404000,0x0000000086980000)
 Metaspace       used 6108K, capacity 6216K, committed 6400K, reserved 1056768K
  class space    used 644K, capacity 688K, committed 768K, reserved 1048576K
Event: 2.236 GC heap after
Heap after GC invocations=3 (full 0):
 PSYoungGen      total 38400K, used 2124K [0x00000000d5c00000, 0x00000000d8680000, 0x0000000100000000)
  eden space 33280K, 0% used [0x00000000d5c00000,0x00000000d5c00000,0x00000000d7c80000)
  from space 5120K, 41% used [0x00000000d7c80000,0x00000000d7e930e8,0x00000000d8180000)
  to   space 5120K, 0% used [0x00000000d8180000,0x00000000d8180000,0x00000000d8680000)
 ParOldGen       total 87552K, used 24K [0x0000000081400000, 0x0000000086980000, 0x00000000d5c00000)
  object space 87552K, 0% used [0x0000000081400000,0x0000000081406000,0x0000000086980000)
 Metaspace       used 6108K, capacity 6216K, committed 6400K, reserved 1056768K
  class space    used 644K, capacity 688K, committed 768K, reserved 1048576K
}
Event: 3.240 GC heap before
{Heap before GC invocations=4 (full 0):
 PSYoungGen      total 38400K, used 35404K [0x00000000d5c00000, 0x00000000d8680000, 0x0000000100000000)
  eden space 33280K, 100% used [0x00000000d5c00000,0x00000000d7c80000,0x00000000d7c80000)
  from space 5120K, 41% used [0x00000000d7c80000,0x00000000d7e930e8,0x00000000d8180000)
  to   space 5120K, 0% used [0x00000000d8180000,0x00000000d8180000,0x00000000d8680000)
 ParOldGen       total 87552K, used 24K [0x0000000081400000, 0x0000000086980000, 0x00000000d5c00000)
  object space 87552K, 0% used [0x0000000081400000,0x0000000081406000,0x0000000086980000)
 Metaspace       used 6669K, capacity 6728K, committed 6912K, reserved 1056768K
  class space    used 709K, capacity 752K, committed 768K, reserved 1048576K
Event: 3.245 GC heap after
Heap after GC invocations=4 (full 0):
 PSYoungGen      total 38400K, used 2220K [0x00000000d5c00000, 0x00000000d8680000, 0x0000000100000000)
  eden space 33280K, 0% used [0x00000000d5c00000,0x00000000d5c00000,0x00000000d7c80000)
  from space 5120K, 43% used [0x00000000d8180000,0x00000000d83ab380,0x00000000d8680000)
  to   space 5120K, 0% used [0x00000000d7c80000,0x00000000d7c80000,0x00000000d8180000)
 ParOldGen       total 87552K, used 32K [0x0000000081400000, 0x0000000086980000, 0x00000000d5c00000)
  object space 87552K, 0% used [0x0000000081400000,0x0000000081408000,0x0000000086980000)
 Metaspace       used 6669K, capacity 6728K, committed 6912K, reserved 1056768K
  class space    used 709K, capacity 752K, committed 768K, reserved 1048576K
}
Event: 4.287 GC heap before
{Heap before GC invocations=5 (full 0):
 PSYoungGen      total 38400K, used 35500K [0x00000000d5c00000, 0x00000000d8680000, 0x0000000100000000)
  eden space 33280K, 100% used [0x00000000d5c00000,0x00000000d7c80000,0x00000000d7c80000)
  from space 5120K, 43% used [0x00000000d8180000,0x00000000d83ab380,0x00000000d8680000)
  to   space 5120K, 0% used [0x00000000d7c80000,0x00000000d7c80000,0x00000000d8180000)
 ParOldGen       total 87552K, used 32K [0x0000000081400000, 0x0000000086980000, 0x00000000d5c00000)
  object space 87552K, 0% used [0x0000000081400000,0x0000000081408000,0x0000000086980000)
 Metaspace       used 7049K, capacity 7188K, committed 7296K, reserved 1056768K
  class space    used 774K, capacity 818K, committed 896K, reserved 1048576K
Event: 4.291 GC heap after
Heap after GC invocations=5 (full 0):
 PSYoungGen      total 35328K, used 2284K [0x00000000d5c00000, 0x00000000d8200000, 0x0000000100000000)
  eden space 32768K, 0% used [0x00000000d5c00000,0x00000000d5c00000,0x00000000d7c00000)
  from space 2560K, 89% used [0x00000000d7c80000,0x00000000d7ebb0e8,0x00000000d7f00000)
  to   space 2560K, 0% used [0x00000000d7f80000,0x00000000d7f80000,0x00000000d8200000)
 ParOldGen       total 87552K, used 40K [0x0000000081400000, 0x0000000086980000, 0x00000000d5c00000)
  object space 87552K, 0% used [0x0000000081400000,0x000000008140a000,0x0000000086980000)
 Metaspace       used 7049K, capacity 7188K, committed 7296K, reserved 1056768K
  class space    used 774K, capacity 818K, committed 896K, reserved 1048576K
}
Event: 5.495 GC heap before
{Heap before GC invocations=6 (full 0):
 PSYoungGen      total 35328K, used 35052K [0x00000000d5c00000, 0x00000000d8200000, 0x0000000100000000)
  eden space 32768K, 100% used [0x00000000d5c00000,0x00000000d7c00000,0x00000000d7c00000)
  from space 2560K, 89% used [0x00000000d7c80000,0x00000000d7ebb0e8,0x00000000d7f00000)
  to   space 2560K, 0% used [0x00000000d7f80000,0x00000000d7f80000,0x00000000d8200000)
 ParOldGen       total 87552K, used 40K [0x0000000081400000, 0x0000000086980000, 0x00000000d5c00000)
  object space 87552K, 0% used [0x0000000081400000,0x000000008140a000,0x0000000086980000)
 Metaspace       used 7420K, capacity 7540K, committed 7808K, reserved 1056768K
  class space    used 821K, capacity 850K, committed 896K, reserved 1048576K
Event: 5.498 GC heap after
Heap after GC invocations=6 (full 0):
 PSYoungGen      total 34816K, used 2228K [0x00000000d5c00000, 0x00000000d8200000, 0x0000000100000000)
  eden space 32256K, 0% used [0x00000000d5c00000,0x00000000d5c00000,0x00000000d7b80000)
  from space 2560K, 87% used [0x00000000d7f80000,0x00000000d81ad0b0,0x00000000d8200000)
  to   space 2560K, 0% used [0x00000000d7d00000,0x00000000d7d00000,0x00000000d7f80000)
 ParOldGen       total 87552K, used 48K [0x0000000081400000, 0x0000000086980000, 0x00000000d5c00000)
  object space 87552K, 0% used [0x0000000081400000,0x000000008140c000,0x0000000086980000)
 Metaspace       used 7420K, capacity 7540K, committed 7808K, reserved 1056768K
  class space    used 821K, capacity 850K, committed 896K, reserved 1048576K
}
Event: 6.590 GC heap before
{Heap before GC invocations=7 (full 0):
 PSYoungGen      total 34816K, used 34484K [0x00000000d5c00000, 0x00000000d8200000, 0x0000000100000000)
  eden space 32256K, 100% used [0x00000000d5c00000,0x00000000d7b80000,0x00000000d7b80000)
  from space 2560K, 87% used [0x00000000d7f80000,0x00000000d81ad0b0,0x00000000d8200000)
  to   space 2560K, 0% used [0x00000000d7d00000,0x00000000d7d00000,0x00000000d7f80000)
 ParOldGen       total 87552K, used 48K [0x0000000081400000, 0x0000000086980000, 0x00000000d5c00000)
  object space 87552K, 0% used [0x0000000081400000,0x000000008140c000,0x0000000086980000)
 Metaspace       used 7536K, capacity 7674K, committed 7808K, reserved 1056768K
  class space    used 829K, capacity 851K, committed 896K, reserved 1048576K
Event: 6.592 GC heap after
Heap after GC invocations=7 (full 0):
 PSYoungGen      total 32768K, used 544K [0x00000000d5c00000, 0x00000000d8100000, 0x0000000100000000)
  eden space 31744K, 0% used [0x00000000d5c00000,0x00000000d5c00000,0x00000000d7b00000)
  from space 1024K, 53% used [0x00000000d7d00000,0x00000000d7d88000,0x00000000d7e00000)
  to   space 3072K, 0% used [0x00000000d7e00000,0x00000000d7e00000,0x00000000d8100000)
 ParOldGen       total 87552K, used 1724K [0x0000000081400000, 0x0000000086980000, 0x00000000d5c00000)
  object space 87552K, 1% used [0x0000000081400000,0x00000000815af188,0x0000000086980000)
 Metaspace       used 7536K, capacity 7674K, committed 7808K, reserved 1056768K
  class space    used 829K, capacity 851K, committed 896K, reserved 1048576K
}

