# JRE version: Java(TM) SE Runtime Environment (8.0_151-b12) (build 1.8.0_151-b12)
# Java VM: Java HotSpot(TM) 64-Bit Server VM (25.151-b12 mixed mode windows-amd64 compressed oops)
Heap:
 PSYoungGen      total 32768K, used 1200K [0x00000000d5c00000, 0x00000000da080000, 0x0000000100000000)
  eden space 31744K, 2% used [0x00000000d5c00000,0x00000000d5ca5298,0x00000000d7b00000)
  from space 1024K, 52% used [0x00000000d9d80000,0x00000000d9e06fa8,0x00000000d9e80000)
  to   space 2048K, 0% used [0x00000000d9e80000,0x00000000d9e80000,0x00000000da080000)
 ParOldGen       total 87552K, used 1724K [0x0000000081400000, 0x0000000086980000, 0x00000000d5c00000)
  object space 87552K, 1% used [0x0000000081400000,0x00000000815af188,0x0000000086980000)
 Metaspace       used 7582K, capacity 7698K, committed 7808K, reserved 1056768K
  class space    used 833K, capacity 883K, committed 896K, reserved 1048576K
GC Heap History (10 events):
Event: 2.362 GC heap before
{Heap before GC invocations=3 (full 0):
 PSYoungGen      total 38400K, used 35084K [0x00000000d5c00000, 0x00000000d8680000, 0x0000000100000000)
  eden space 33280K, 100% used [0x00000000d5c00000,0x00000000d7c80000,0x00000000d7c80000)
  from space 5120K, 35% used [0x00000000d8180000,0x00000000d83430e8,0x00000000d8680000)
  to   space 5120K, 0% used [0x00000000d7c80000,0x00000000d7c80000,0x00000000d8180000)
 ParOldGen       total 87552K, used 16K [0x0000000081400000, 0x0000000086980000, 0x00000000d5c00000)
  object space 87552K, 0% used [0x0000000081400000,0x0000000081404000,0x0000000086980000)
 Metaspace       used 6117K, capacity 6272K, committed 6400K, reserved 1056768K
  class space    used 644K, capacity 688K, committed 768K, reserved 1048576K
Event: 2.379 GC heap after
Heap after GC invocations=3 (full 0):
 PSYoungGen      total 38400K, used 2124K [0x00000000d5c00000, 0x00000000da700000, 0x0000000100000000)
  eden space 33280K, 0% used [0x00000000d5c00000,0x00000000d5c00000,0x00000000d7c80000)
  from space 5120K, 41% used [0x00000000d7c80000,0x00000000d7e93108,0x00000000d8180000)
  to   space 5120K, 0% used [0x00000000da200000,0x00000000da200000,0x00000000da700000)
 ParOldGen       total 87552K, used 24K [0x0000000081400000, 0x0000000086980000, 0x00000000d5c00000)
  object space 87552K, 0% used [0x0000000081400000,0x0000000081406000,0x0000000086980000)
 Metaspace       used 6117K, capacity 6272K, committed 6400K, reserved 1056768K
  class space    used 644K, capacity 688K, committed 768K, reserved 1048576K
}
Event: 4.375 GC heap before
{Heap before GC invocations=4 (full 0):
 PSYoungGen      total 38400K, used 35404K [0x00000000d5c00000, 0x00000000da700000, 0x0000000100000000)
  eden space 33280K, 100% used [0x00000000d5c00000,0x00000000d7c80000,0x00000000d7c80000)
  from space 5120K, 41% used [0x00000000d7c80000,0x00000000d7e93108,0x00000000d8180000)
  to   space 5120K, 0% used [0x00000000da200000,0x00000000da200000,0x00000000da700000)
 ParOldGen       total 87552K, used 24K [0x0000000081400000, 0x0000000086980000, 0x00000000d5c00000)
  object space 87552K, 0% used [0x0000000081400000,0x0000000081406000,0x0000000086980000)
 Metaspace       used 6674K, capacity 6784K, committed 6912K, reserved 1056768K
  class space    used 709K, capacity 752K, committed 768K, reserved 1048576K
Event: 4.380 GC heap after
Heap after GC invocations=4 (full 0):
 PSYoungGen      total 35840K, used 2227K [0x00000000d5c00000, 0x00000000da480000, 0x0000000100000000)
  eden space 33280K, 0% used [0x00000000d5c00000,0x00000000d5c00000,0x00000000d7c80000)
  from space 2560K, 87% used [0x00000000da200000,0x00000000da42cdc0,0x00000000da480000)
  to   space 5120K, 0% used [0x00000000d9a80000,0x00000000d9a80000,0x00000000d9f80000)
 ParOldGen       total 87552K, used 32K [0x0000000081400000, 0x0000000086980000, 0x00000000d5c00000)
  object space 87552K, 0% used [0x0000000081400000,0x0000000081408000,0x0000000086980000)
 Metaspace       used 6674K, capacity 6784K, committed 6912K, reserved 1056768K
  class space    used 709K, capacity 752K, committed 768K, reserved 1048576K
}
Event: 6.669 GC heap before
{Heap before GC invocations=5 (full 0):
 PSYoungGen      total 35840K, used 35507K [0x00000000d5c00000, 0x00000000da480000, 0x0000000100000000)
  eden space 33280K, 100% used [0x00000000d5c00000,0x00000000d7c80000,0x00000000d7c80000)
  from space 2560K, 87% used [0x00000000da200000,0x00000000da42cdc0,0x00000000da480000)
  to   space 5120K, 0% used [0x00000000d9a80000,0x00000000d9a80000,0x00000000d9f80000)
 ParOldGen       total 87552K, used 32K [0x0000000081400000, 0x0000000086980000, 0x00000000d5c00000)
  object space 87552K, 0% used [0x0000000081400000,0x0000000081408000,0x0000000086980000)
 Metaspace       used 7058K, capacity 7180K, committed 7296K, reserved 1056768K
  class space    used 774K, capacity 818K, committed 896K, reserved 1048576K
Event: 6.674 GC heap after
Heap after GC invocations=5 (full 0):
 PSYoungGen      total 37888K, used 2220K [0x00000000d5c00000, 0x00000000da280000, 0x0000000100000000)
  eden space 32768K, 0% used [0x00000000d5c00000,0x00000000d5c00000,0x00000000d7c00000)
  from space 5120K, 43% used [0x00000000d9a80000,0x00000000d9cab0e8,0x00000000d9f80000)
  to   space 2560K, 0% used [0x00000000da000000,0x00000000da000000,0x00000000da280000)
 ParOldGen       total 87552K, used 40K [0x0000000081400000, 0x0000000086980000, 0x00000000d5c00000)
  object space 87552K, 0% used [0x0000000081400000,0x000000008140a000,0x0000000086980000)
 Metaspace       used 7058K, capacity 7180K, committed 7296K, reserved 1056768K
  class space    used 774K, capacity 818K, committed 896K, reserved 1048576K
}
Event: 8.162 GC heap before
{Heap before GC invocations=6 (full 0):
 PSYoungGen      total 37888K, used 34988K [0x00000000d5c00000, 0x00000000da280000, 0x0000000100000000)
  eden space 32768K, 100% used [0x00000000d5c00000,0x00000000d7c00000,0x00000000d7c00000)
  from space 5120K, 43% used [0x00000000d9a80000,0x00000000d9cab0e8,0x00000000d9f80000)
  to   space 2560K, 0% used [0x00000000da000000,0x00000000da000000,0x00000000da280000)
 ParOldGen       total 87552K, used 40K [0x0000000081400000, 0x0000000086980000, 0x00000000d5c00000)
  object space 87552K, 0% used [0x0000000081400000,0x000000008140a000,0x0000000086980000)
 Metaspace       used 7425K, capacity 7532K, committed 7808K, reserved 1056768K
  class space    used 821K, capacity 850K, committed 896K, reserved 1048576K
Event: 8.166 GC heap after
Heap after GC invocations=6 (full 0):
 PSYoungGen      total 34816K, used 2212K [0x00000000d5c00000, 0x00000000da280000, 0x0000000100000000)
  eden space 32256K, 0% used [0x00000000d5c00000,0x00000000d5c00000,0x00000000d7b80000)
  from space 2560K, 86% used [0x00000000da000000,0x00000000da2290a0,0x00000000da280000)
  to   space 2560K, 0% used [0x00000000d9d80000,0x00000000d9d80000,0x00000000da000000)
 ParOldGen       total 87552K, used 48K [0x0000000081400000, 0x0000000086980000, 0x00000000d5c00000)
  object space 87552K, 0% used [0x0000000081400000,0x000000008140c000,0x0000000086980000)
 Metaspace       used 7425K, capacity 7532K, committed 7808K, reserved 1056768K
  class space    used 821K, capacity 850K, committed 896K, reserved 1048576K
}
Event: 9.497 GC heap before
{Heap before GC invocations=7 (full 0):
 PSYoungGen      total 34816K, used 34468K [0x00000000d5c00000, 0x00000000da280000, 0x0000000100000000)
  eden space 32256K, 100% used [0x00000000d5c00000,0x00000000d7b80000,0x00000000d7b80000)
  from space 2560K, 86% used [0x00000000da000000,0x00000000da2290a0,0x00000000da280000)
  to   space 2560K, 0% used [0x00000000d9d80000,0x00000000d9d80000,0x00000000da000000)
 ParOldGen       total 87552K, used 48K [0x0000000081400000, 0x0000000086980000, 0x00000000d5c00000)
  object space 87552K, 0% used [0x0000000081400000,0x000000008140c000,0x0000000086980000)
 Metaspace       used 7505K, capacity 7602K, committed 7808K, reserved 1056768K
  class space    used 828K, capacity 851K, committed 896K, reserved 1048576K
Event: 9.500 GC heap after
Heap after GC invocations=7 (full 0):
 PSYoungGen      total 32768K, used 539K [0x00000000d5c00000, 0x00000000da080000, 0x0000000100000000)
  eden space 31744K, 0% used [0x00000000d5c00000,0x00000000d5c00000,0x00000000d7b00000)
  from space 1024K, 52% used [0x00000000d9d80000,0x00000000d9e06fa8,0x00000000d9e80000)
  to   space 2048K, 0% used [0x00000000d9e80000,0x00000000d9e80000,0x00000000da080000)
 ParOldGen       total 87552K, used 1724K [0x0000000081400000, 0x0000000086980000, 0x00000000d5c00000)
  object space 87552K, 1% used [0x0000000081400000,0x00000000815af188,0x0000000086980000)
 Metaspace       used 7505K, capacity 7602K, committed 7808K, reserved 1056768K
  class space    used 828K, capacity 851K, committed 896K, reserved 1048576K
}

